14/11/2017 10:45:05	This log contains information about the import schema operation into project 'SelfBuildPipelineDV_tSQLt' on computer 'DESKTOP-E2BAUEI' by user 'cadkin'.
14/11/2017 10:45:05	Import of database schema has started.
14/11/2017 10:45:10	Gathering database credentials
14/11/2017 10:45:10	Gathering database options
14/11/2017 10:45:10	Gathering users
14/11/2017 10:45:10	Gathering roles
14/11/2017 10:45:10	Gathering application roles
14/11/2017 10:45:10	Gathering role memberships
14/11/2017 10:45:10	Gathering filegroups
14/11/2017 10:45:10	Gathering full-text catalogs
14/11/2017 10:45:10	Gathering assemblies
14/11/2017 10:45:10	Gathering certificates
14/11/2017 10:45:10	Gathering asymmetric keys
14/11/2017 10:45:10	Gathering symmetric keys
14/11/2017 10:45:10	Gathering encrypted symmetric keys
14/11/2017 10:45:10	Gathering schemas
14/11/2017 10:45:10	Gathering XML schema collections
14/11/2017 10:45:10	Gathering user-defined data types
14/11/2017 10:45:10	Gathering user-defined types
14/11/2017 10:45:10	Gathering table types
14/11/2017 10:45:10	Gathering unique keys for table types
14/11/2017 10:45:10	Gathering primary keys for table types
14/11/2017 10:45:10	Gathering indexes for table types
14/11/2017 10:45:10	Gathering check constraints for table types
14/11/2017 10:45:10	Gathering default constraints for table types
14/11/2017 10:45:10	Gathering partition functions
14/11/2017 10:45:10	Gathering partition schemes
14/11/2017 10:45:10	Gathering functions
14/11/2017 10:45:10	Gathering encrypted functions
14/11/2017 10:45:10	Gathering aggregates
14/11/2017 10:45:10	Gathering procedures
14/11/2017 10:45:10	Gathering encrypted procedures
14/11/2017 10:45:10	Gathering tables
14/11/2017 10:45:10	Gathering primary keys
14/11/2017 10:45:10	Gathering unique constraints
14/11/2017 10:45:10	Gathering foreign keys
14/11/2017 10:45:10	Gathering default constraints
14/11/2017 10:45:10	Gathering check constraints
14/11/2017 10:45:10	Gathering views
14/11/2017 10:45:10	Gathering encrypted views
14/11/2017 10:45:10	Gathering indexes
14/11/2017 10:45:10	Gathering statistics
14/11/2017 10:45:10	Gathering full-text index stoplists
14/11/2017 10:45:10	Gathering search property lists
14/11/2017 10:45:10	Gathering search properties
14/11/2017 10:45:10	Gathering full-text indexes
14/11/2017 10:45:10	Gathering column store indexes
14/11/2017 10:45:10	Gathering spatial indexes
14/11/2017 10:45:11	Gathering XML indexes
14/11/2017 10:45:11	Gathering Selective XML indexes
14/11/2017 10:45:11	Gathering encrypted triggers
14/11/2017 10:45:11	Gathering triggers
14/11/2017 10:45:11	Gathering encrypted and clr ddl triggers
14/11/2017 10:45:11	Gathering ddl triggers
14/11/2017 10:45:11	Gathering synonyms
14/11/2017 10:45:11	Gathering defaults
14/11/2017 10:45:11	Gathering data constraint uddt bindings
14/11/2017 10:45:11	Gathering rules
14/11/2017 10:45:11	Gathering data constraint uddt bindings
14/11/2017 10:45:11	Gathering message types
14/11/2017 10:45:11	Gathering queues
14/11/2017 10:45:11	Gathering contracts
14/11/2017 10:45:11	Gathering services
14/11/2017 10:45:11	Gathering event notifications
14/11/2017 10:45:11	Gathering remote service bindings
14/11/2017 10:45:11	Gathering broker priorities
14/11/2017 10:45:11	Gathering signatures
14/11/2017 10:45:11	Gathering data compression options
14/11/2017 10:45:11	Gathering sequence types
14/11/2017 10:45:11	Gathering security policies
14/11/2017 10:45:11	Gather column encryption keys
14/11/2017 10:45:11	Gathering column master keys
14/11/2017 10:45:11	Gathering external data sources
14/11/2017 10:45:11	Gathering external file formats
14/11/2017 10:45:11	Gathering external tables
14/11/2017 10:45:11	Gathering extended properties
14/11/2017 10:45:11	Gathering credentials
14/11/2017 10:45:11	Gathering logins
14/11/2017 10:45:11	Gathering server audits
14/11/2017 10:45:11	Scanning project for duplicate elements
14/11/2017 10:45:11	Finished duplicate element processing
14/11/2017 10:45:12	Finished importing database.
14/11/2017 10:45:12	A summary of the import was saved to the following location: C:\Projects\SelfBuildPipelineDV_tSQLt\SelfBuildPipelineDV_tSQLt\Import Schema Logs\SelfBuildPipelineDV__20171114104505.log
14/11/2017 10:45:12	Click Finish to continue...
